<?xml version="1.0" encoding="UTF-8"?>
<testng-results skipped="0" failed="0" ignored="0" total="5" passed="5">
  <reporter-output>
  </reporter-output>
  <suite name="Default suite" duration-ms="93007" started-at="2021-11-05T14:40:24 IST" finished-at="2021-11-05T14:41:57 IST">
    <groups>
    </groups>
    <test name="Default test" duration-ms="93007" started-at="2021-11-05T14:40:24 IST" finished-at="2021-11-05T14:41:57 IST">
      <class name="Package.DockerFirefox">
        <test-method status="PASS" signature="setUp()[pri:0, instance:Package.DockerFirefox@10bbd20a]" name="setUp" is-config="true" duration-ms="17005" started-at="2021-11-05T14:40:07 IST" finished-at="2021-11-05T14:40:24 IST">
          <reporter-output>
          </reporter-output>
        </test-method> <!-- setUp -->
        <test-method status="PASS" signature="chrome()[pri:0, instance:Package.DockerFirefox@10bbd20a]" name="chrome" duration-ms="39497" started-at="2021-11-05T14:40:24 IST" finished-at="2021-11-05T14:41:04 IST">
          <reporter-output>
          </reporter-output>
        </test-method> <!-- chrome -->
        <test-method status="PASS" signature="loginbutton()[pri:0, instance:Package.DockerFirefox@10bbd20a]" name="loginbutton" duration-ms="416" started-at="2021-11-05T14:41:04 IST" finished-at="2021-11-05T14:41:04 IST">
          <reporter-output>
          </reporter-output>
        </test-method> <!-- loginbutton -->
        <test-method status="PASS" signature="password()[pri:0, instance:Package.DockerFirefox@10bbd20a]" name="password" duration-ms="1569" started-at="2021-11-05T14:41:04 IST" finished-at="2021-11-05T14:41:06 IST">
          <reporter-output>
          </reporter-output>
        </test-method> <!-- password -->
        <test-method status="PASS" signature="password1()[pri:0, instance:Package.DockerFirefox@10bbd20a]" name="password1" duration-ms="48087" started-at="2021-11-05T14:41:06 IST" finished-at="2021-11-05T14:41:54 IST">
          <reporter-output>
          </reporter-output>
        </test-method> <!-- password1 -->
        <test-method status="PASS" signature="tofield()[pri:0, instance:Package.DockerFirefox@10bbd20a]" name="tofield" duration-ms="3192" started-at="2021-11-05T14:41:54 IST" finished-at="2021-11-05T14:41:57 IST">
          <reporter-output>
          </reporter-output>
        </test-method> <!-- tofield -->
        <test-method status="FAIL" signature="close()[pri:0, instance:Package.DockerFirefox@10bbd20a]" name="close" is-config="true" duration-ms="5035" started-at="2021-11-05T14:41:57 IST" finished-at="2021-11-05T14:42:02 IST">
          <exception class="java.lang.RuntimeException">
            <message>
              <![CDATA[javax.mail.AuthenticationFailedException: 535-5.7.8 Username and Password not accepted. Learn more at
535 5.7.8  https://support.google.com/mail/?p=BadCredentials a7sm6703496pfo.32 - gsmtp
]]>
            </message>
            <full-stacktrace>
              <![CDATA[java.lang.RuntimeException: javax.mail.AuthenticationFailedException: 535-5.7.8 Username and Password not accepted. Learn more at
535 5.7.8  https://support.google.com/mail/?p=BadCredentials a7sm6703496pfo.32 - gsmtp

at Package.SendMailSSLWithAttachment.mail(SendMailSSLWithAttachment.java:88)
at Package.Browser.close(Browser.java:37)
at sun.reflect.NativeMethodAccessorImpl.invoke0(Native Method)
at sun.reflect.NativeMethodAccessorImpl.invoke(NativeMethodAccessorImpl.java:62)
at sun.reflect.DelegatingMethodAccessorImpl.invoke(DelegatingMethodAccessorImpl.java:43)
at java.lang.reflect.Method.invoke(Method.java:498)
at org.testng.internal.MethodInvocationHelper.invokeMethod(MethodInvocationHelper.java:134)
at org.testng.internal.MethodInvocationHelper.invokeMethodConsideringTimeout(MethodInvocationHelper.java:63)
at org.testng.internal.ConfigInvoker.invokeConfigurationMethod(ConfigInvoker.java:348)
at org.testng.internal.ConfigInvoker.invokeConfigurations(ConfigInvoker.java:302)
at org.testng.SuiteRunner.privateRun(SuiteRunner.java:351)
at org.testng.SuiteRunner.run(SuiteRunner.java:286)
at org.testng.SuiteRunnerWorker.runSuite(SuiteRunnerWorker.java:53)
at org.testng.SuiteRunnerWorker.run(SuiteRunnerWorker.java:96)
at org.testng.TestNG.runSuitesSequentially(TestNG.java:1187)
at org.testng.TestNG.runSuitesLocally(TestNG.java:1109)
at org.testng.TestNG.runSuites(TestNG.java:1039)
at org.testng.TestNG.run(TestNG.java:1007)
at org.testng.remote.AbstractRemoteTestNG.run(AbstractRemoteTestNG.java:115)
at org.testng.remote.RemoteTestNG.initAndRun(RemoteTestNG.java:251)
at org.testng.remote.RemoteTestNG.main(RemoteTestNG.java:77)
Caused by: javax.mail.AuthenticationFailedException: 535-5.7.8 Username and Password not accepted. Learn more at
535 5.7.8  https://support.google.com/mail/?p=BadCredentials a7sm6703496pfo.32 - gsmtp

at com.sun.mail.smtp.SMTPTransport$Authenticator.authenticate(SMTPTransport.java:826)
at com.sun.mail.smtp.SMTPTransport.authenticate(SMTPTransport.java:761)
at com.sun.mail.smtp.SMTPTransport.protocolConnect(SMTPTransport.java:685)
at javax.mail.Service.connect(Service.java:317)
at javax.mail.Service.connect(Service.java:176)
at javax.mail.Service.connect(Service.java:125)
at javax.mail.Transport.send0(Transport.java:194)
at javax.mail.Transport.send(Transport.java:124)
at Package.SendMailSSLWithAttachment.mail(SendMailSSLWithAttachment.java:82)
... 20 more
]]>
            </full-stacktrace>
          </exception> <!-- java.lang.RuntimeException -->
          <reporter-output>
          </reporter-output>
        </test-method> <!-- close -->
      </class> <!-- Package.DockerFirefox -->
    </test> <!-- Default test -->
  </suite> <!-- Default suite -->
</testng-results>
